{"/Users/markus/Desktop/SE_19/model/journal.js": {"path":"/Users/markus/Desktop/SE_19/model/journal.js","statementMap":{"0":{"start":{"line":3,"column":22},"end":{"line":11,"column":2}},"1":{"start":{"line":14,"column":16},"end":{"line":14,"column":56}}},"fnMap":{},"branchMap":{},"s":{"0":1,"1":1},"f":{},"b":{},"_coverageSchema":"1a1c01bbd47fc00a2c39e90264f33305004495a9","hash":"819bc03d71fffa7b6d6e31554291c437c05d5ba5"}
,"/Users/markus/Desktop/SE_19/model/user.js": {"path":"/Users/markus/Desktop/SE_19/model/user.js","statementMap":{"0":{"start":{"line":6,"column":19},"end":{"line":11,"column":2}},"1":{"start":{"line":13,"column":0},"end":{"line":17,"column":2}},"2":{"start":{"line":14,"column":27},"end":{"line":14,"column":48}},"3":{"start":{"line":15,"column":4},"end":{"line":15,"column":21}},"4":{"start":{"line":16,"column":4},"end":{"line":16,"column":21}},"5":{"start":{"line":20,"column":0},"end":{"line":22,"column":2}},"6":{"start":{"line":21,"column":4},"end":{"line":21,"column":57}},"7":{"start":{"line":23,"column":13},"end":{"line":23,"column":47}}},"fnMap":{"0":{"name":"(anonymous_0)","decl":{"start":{"line":13,"column":33},"end":{"line":13,"column":34}},"loc":{"start":{"line":13,"column":52},"end":{"line":17,"column":1}},"line":13},"1":{"name":"(anonymous_1)","decl":{"start":{"line":20,"column":38},"end":{"line":20,"column":39}},"loc":{"start":{"line":20,"column":57},"end":{"line":22,"column":1}},"line":20}},"branchMap":{},"s":{"0":1,"1":1,"2":4,"3":2,"4":2,"5":1,"6":2,"7":1},"f":{"0":4,"1":2},"b":{},"_coverageSchema":"1a1c01bbd47fc00a2c39e90264f33305004495a9","hash":"3adc662a0801e24c3314ae330e1f8e1c9a44d73d"}
,"/Users/markus/Desktop/SE_19/utility/passwordUtils.js": {"path":"/Users/markus/Desktop/SE_19/utility/passwordUtils.js","statementMap":{"0":{"start":{"line":6,"column":4},"end":{"line":8,"column":5}},"1":{"start":{"line":7,"column":8},"end":{"line":7,"column":77}},"2":{"start":{"line":9,"column":20},"end":{"line":9,"column":90}},"3":{"start":{"line":10,"column":4},"end":{"line":10,"column":24}},"4":{"start":{"line":12,"column":4},"end":{"line":15,"column":5}},"5":{"start":{"line":19,"column":23},"end":{"line":19,"column":93}},"6":{"start":{"line":20,"column":4},"end":{"line":20,"column":30}}},"fnMap":{"0":{"name":"genPassword","decl":{"start":{"line":5,"column":9},"end":{"line":5,"column":20}},"loc":{"start":{"line":5,"column":78},"end":{"line":16,"column":1}},"line":5},"1":{"name":"validPassword","decl":{"start":{"line":18,"column":9},"end":{"line":18,"column":22}},"loc":{"start":{"line":18,"column":45},"end":{"line":21,"column":1}},"line":18}},"branchMap":{"0":{"loc":{"start":{"line":5,"column":31},"end":{"line":5,"column":76}},"type":"default-arg","locations":[{"start":{"line":5,"column":38},"end":{"line":5,"column":76}}],"line":5},"1":{"loc":{"start":{"line":6,"column":4},"end":{"line":8,"column":5}},"type":"if","locations":[{"start":{"line":6,"column":4},"end":{"line":8,"column":5}},{"start":{},"end":{}}],"line":6},"2":{"loc":{"start":{"line":6,"column":8},"end":{"line":6,"column":51}},"type":"binary-expr","locations":[{"start":{"line":6,"column":8},"end":{"line":6,"column":27}},{"start":{"line":6,"column":31},"end":{"line":6,"column":51}}],"line":6}},"s":{"0":4,"1":2,"2":2,"3":2,"4":2,"5":2,"6":2},"f":{"0":4,"1":2},"b":{"0":[4],"1":[2,2],"2":[4,3]},"_coverageSchema":"1a1c01bbd47fc00a2c39e90264f33305004495a9","hash":"4baa00437ecf4055e8e26fca0edd6115156846e4"}
}
