TN:
SF:model/journal.js
FNF:0
FNH:0
DA:3,1
DA:14,1
LF:2
LH:2
BRF:0
BRH:0
end_of_record
TN:
SF:model/user.js
FN:13,(anonymous_0)
FN:20,(anonymous_1)
FNF:2
FNH:2
FNDA:4,(anonymous_0)
FNDA:2,(anonymous_1)
DA:6,1
DA:13,1
DA:14,4
DA:15,2
DA:16,2
DA:20,1
DA:21,2
DA:23,1
LF:8
LH:8
BRF:0
BRH:0
end_of_record
TN:
SF:utility/passwordUtils.js
FN:5,genPassword
FN:18,validPassword
FNF:2
FNH:2
FNDA:4,genPassword
FNDA:2,validPassword
DA:6,4
DA:7,2
DA:9,2
DA:10,2
DA:12,2
DA:19,2
DA:20,2
LF:7
LH:7
BRDA:5,0,0,4
BRDA:6,1,0,2
BRDA:6,1,1,2
BRDA:6,2,0,4
BRDA:6,2,1,3
BRF:5
BRH:5
end_of_record
